<?xml version="1.0" encoding="UTF-8"?>
<!-- Generated by org.testng.reporters.JUnitXMLReporter -->
<testsuite hostname="DESKTOP-N6RMJT6" ignored="0" name="Default test" tests="2" failures="0" timestamp="2020-08-01T22:59:47 IST" time="26.263" errors="0">
  <testcase name="clickOnWomenDropdown" time="3.919" classname="com.shopizer.qa.testcases.WomenTestCase"/>
  <testcase name="verifyWomenDropDown" time="3.173" classname="com.shopizer.qa.testcases.WomenTestCase"/>
</testsuite> <!-- Default test -->
