<?xml version="1.0" encoding="UTF-8"?>
<!-- Generated by org.testng.reporters.JUnitXMLReporter -->
<testsuite hostname="DESKTOP-N6RMJT6" ignored="0" name="Test" tests="3" failures="0" timestamp="2020-07-28T13:25:42 IST" time="48.16" errors="0">
  <testcase name="verifyHomePageTitle" time="0.636" classname="com.shopizer.qa.testcases.HomePageTest"/>
  <testcase name="verifyLoginUser" time="9.858" classname="com.shopizer.qa.testcases.LoginLogoutTest"/>
  <testcase name="verifyRegistration" time="7.879" classname="com.shopizer.qa.testcases.SignUpTest"/>
</testsuite> <!-- Test -->
