<?xml version="1.0" encoding="UTF-8"?>
<!-- Generated by org.testng.reporters.JUnitXMLReporter -->
<testsuite hostname="DESKTOP-N6RMJT6" ignored="0" name="Command line test" tests="3" failures="0" timestamp="2020-07-28T13:24:01 IST" time="56.972" errors="0">
  <testcase name="verifyHomePageTitle" time="0.38" classname="com.shopizer.qa.testcases.HomePageTest"/>
  <testcase name="verifyLoginUser" time="10.403" classname="com.shopizer.qa.testcases.LoginLogoutTest"/>
  <testcase name="verifyRegistration" time="7.757" classname="com.shopizer.qa.testcases.SignUpTest"/>
</testsuite> <!-- Command line test -->
