<?xml version="1.0" encoding="UTF-8"?>
<testsuite xmlns:xsi="http://www.w3.org/2001/XMLSchema-instance" xsi:noNamespaceSchemaLocation="https://maven.apache.org/surefire/maven-surefire-plugin/xsd/surefire-test-report-3.0.xsd" version="3.0" name="TestSuite" time="184.635" tests="7" errors="0" skipped="2" failures="2">
  <properties>
[...]
</properties>
  <testcase name="clickOnWomenDropdown" classname="com.shopizer.qa.testcases.WomenTestCase" time="6.413">
    <system-out><![CDATA[I am in onStart method Test
08-02-2020 22:06:23 BaseTest.java INFO  [TestNG-tests-1] testbase.BaseTest 69 - Launching Browser
08-02-2020 22:06:32 BaseTest.java INFO  [TestNG-tests-1] testbase.BaseTest 93 - Maximize  window
08-02-2020 22:06:34 BaseTest.java INFO  [TestNG-tests-1] testbase.BaseTest 98 - ******************************loading url**********************************
Before navigating to: 'https://www.fabindia.com/'
Navigated to:'https://www.fabindia.com/'
08-02-2020 22:06:35 BaseTest.java INFO  [TestNG-tests-1] testbase.BaseTest 101 - 
I am in onStart method Test
08-02-2020 22:06:35 BaseTest.java INFO  [TestNG-tests-1] testbase.BaseTest 69 - Launching Browser
08-02-2020 22:06:39 BaseTest.java INFO  [TestNG-tests-1] testbase.BaseTest 93 - Maximize  window
08-02-2020 22:06:41 BaseTest.java INFO  [TestNG-tests-1] testbase.BaseTest 98 - ******************************loading url**********************************
Before navigating to: 'https://www.fabindia.com/'
Navigated to:'https://www.fabindia.com/'
08-02-2020 22:06:43 BaseTest.java INFO  [TestNG-tests-1] testbase.BaseTest 101 - 
08-02-2020 22:06:43 BaseTest.java INFO  [TestNG-tests-1] testbase.BaseTest 69 - Launching Browser
08-02-2020 22:06:48 BaseTest.java INFO  [TestNG-tests-1] testbase.BaseTest 93 - Maximize  window
08-02-2020 22:06:50 BaseTest.java INFO  [TestNG-tests-1] testbase.BaseTest 98 - ******************************loading url**********************************
Before navigating to: 'https://www.fabindia.com/'
Navigated to:'https://www.fabindia.com/'
08-02-2020 22:06:53 BaseTest.java INFO  [TestNG-tests-1] testbase.BaseTest 101 - 
I am in onTestStart method clickOnWomenDropdown start
I am in onTestStart method clickOnWomenDropdown start
Trying to find Element By : By.id: cat100298
Found Element By : By.id: cat100298
Trying to find Element By : By.id: cat100298
Found Element By : By.id: cat100298
Trying to click on: [[ChromeDriver: chrome on WINDOWS (5b393db89bf9c75735665b558a6dee4b)] -> id: cat100298]
Clicked on: [[ChromeDriver: chrome on WINDOWS (5b393db89bf9c75735665b558a6dee4b)] -> id: cat100298]
I am in onTestSuccess method clickOnWomenDropdown succeed
]]></system-out>
    <system-err><![CDATA[SLF4J: Failed to load class "org.slf4j.impl.StaticLoggerBinder".
SLF4J: Defaulting to no-operation (NOP) logger implementation
SLF4J: See http://www.slf4j.org/codes.html#StaticLoggerBinder for further details.
Starting ChromeDriver 83.0.4103.39 (ccbf011cb2d2b19b506d844400483861342c20cd-refs/branch-heads/4103@{#416}) on port 44538
Only local connections are allowed.
Please see https://chromedriver.chromium.org/security-considerations for suggestions on keeping ChromeDriver safe.
ChromeDriver was started successfully.
[1596386189.928][WARNING]: This version of ChromeDriver has not been tested with Chrome version 84.
Aug 02, 2020 10:06:32 PM org.openqa.selenium.remote.ProtocolHandshake createSession
INFO: Detected dialect: W3C
Starting ChromeDriver 83.0.4103.39 (ccbf011cb2d2b19b506d844400483861342c20cd-refs/branch-heads/4103@{#416}) on port 9587
Only local connections are allowed.
Please see https://chromedriver.chromium.org/security-considerations for suggestions on keeping ChromeDriver safe.
ChromeDriver was started successfully.
[1596386197.273][WARNING]: This version of ChromeDriver has not been tested with Chrome version 84.
Aug 02, 2020 10:06:39 PM org.openqa.selenium.remote.ProtocolHandshake createSession
INFO: Detected dialect: W3C
Starting ChromeDriver 83.0.4103.39 (ccbf011cb2d2b19b506d844400483861342c20cd-refs/branch-heads/4103@{#416}) on port 14266
Only local connections are allowed.
Please see https://chromedriver.chromium.org/security-considerations for suggestions on keeping ChromeDriver safe.
ChromeDriver was started successfully.
[1596386205.649][WARNING]: This version of ChromeDriver has not been tested with Chrome version 84.
Aug 02, 2020 10:06:48 PM org.openqa.selenium.remote.ProtocolHandshake createSession
INFO: Detected dialect: W3C
]]></system-err>
  </testcase>
  <testcase name="verifyWomenDropDown" classname="com.shopizer.qa.testcases.WomenTestCase" time="2.616">
    <system-out><![CDATA[I am in onTestFailure method verifyLoginUser failed
08-02-2020 22:08:29 BaseTest.java INFO  [TestNG-tests-1] testbase.BaseTest 69 - Launching Browser
08-02-2020 22:08:34 BaseTest.java INFO  [TestNG-tests-1] testbase.BaseTest 93 - Maximize  window
08-02-2020 22:08:37 BaseTest.java INFO  [TestNG-tests-1] testbase.BaseTest 98 - ******************************loading url**********************************
Before navigating to: 'https://www.fabindia.com/'
Navigated to:'https://www.fabindia.com/'
08-02-2020 22:08:39 BaseTest.java INFO  [TestNG-tests-1] testbase.BaseTest 101 - 
Screenshot captured for test case:verifyLoginUser
08-02-2020 22:08:41 BaseTest.java INFO  [TestNG-tests-1] testbase.BaseTest 69 - Launching Browser
08-02-2020 22:08:46 BaseTest.java INFO  [TestNG-tests-1] testbase.BaseTest 93 - Maximize  window
08-02-2020 22:08:48 BaseTest.java INFO  [TestNG-tests-1] testbase.BaseTest 98 - ******************************loading url**********************************
Before navigating to: 'https://www.fabindia.com/'
Navigated to:'https://www.fabindia.com/'
08-02-2020 22:08:50 BaseTest.java INFO  [TestNG-tests-1] testbase.BaseTest 101 - 
I am in onTestStart method verifyWomenDropDown start
I am in onTestStart method verifyWomenDropDown start
Trying to find Element By : By.id: cat100298
Found Element By : By.id: cat100298
Trying to find Element By : By.id: cat100298
Found Element By : By.id: cat100298
I am in onTestSuccess method verifyWomenDropDown succeed
]]></system-out>
    <system-err><![CDATA[Starting ChromeDriver 83.0.4103.39 (ccbf011cb2d2b19b506d844400483861342c20cd-refs/branch-heads/4103@{#416}) on port 22443
Only local connections are allowed.
Please see https://chromedriver.chromium.org/security-considerations for suggestions on keeping ChromeDriver safe.
ChromeDriver was started successfully.
[1596386312.468][WARNING]: This version of ChromeDriver has not been tested with Chrome version 84.
Aug 02, 2020 10:08:34 PM org.openqa.selenium.remote.ProtocolHandshake createSession
INFO: Detected dialect: W3C
Starting ChromeDriver 83.0.4103.39 (ccbf011cb2d2b19b506d844400483861342c20cd-refs/branch-heads/4103@{#416}) on port 36353
Only local connections are allowed.
Please see https://chromedriver.chromium.org/security-considerations for suggestions on keeping ChromeDriver safe.
ChromeDriver was started successfully.
[1596386323.864][WARNING]: This version of ChromeDriver has not been tested with Chrome version 84.
Aug 02, 2020 10:08:46 PM org.openqa.selenium.remote.ProtocolHandshake createSession
INFO: Detected dialect: W3C
]]></system-err>
  </testcase>
  <testcase name="setUp" classname="com.shopizer.qa.testcases.HomePageTest" time="35.182">
    <failure message="timeout: Timed out receiving message from renderer: -0.001&#10;  (Session info: chrome=84.0.4147.105)&#10;Build info: version: &apos;4.0.0-alpha-3&apos;, revision: &apos;8c567de6dc&apos;&#10;System info: host: &apos;DESKTOP-N6RMJT6&apos;, ip: &apos;192.168.0.7&apos;, os.name: &apos;Windows 10&apos;, os.arch: &apos;amd64&apos;, os.version: &apos;10.0&apos;, java.version: &apos;1.8.0_251&apos;&#10;Driver info: org.openqa.selenium.chrome.ChromeDriver&#10;Capabilities {acceptInsecureCerts: false, browserName: chrome, browserVersion: 84.0.4147.105, chrome: {chromedriverVersion: 83.0.4103.39 (ccbf011cb2d2b..., userDataDir: C:\Users\hp\AppData\Local\T...}, goog:chromeOptions: {debuggerAddress: localhost:64126}, javascriptEnabled: true, networkConnectionEnabled: false, pageLoadStrategy: normal, platform: WINDOWS, platformName: WINDOWS, proxy: Proxy(), setWindowRect: true, strictFileInteractability: false, timeouts: {implicit: 0, pageLoad: 300000, script: 30000}, unhandledPromptBehavior: dismiss and notify, webauthn:virtualAuthenticators: true}&#10;Session ID: 841a3348bd697986a82195451948dcc2" type="org.openqa.selenium.TimeoutException"><![CDATA[org.openqa.selenium.TimeoutException: 
timeout: Timed out receiving message from renderer: -0.001
  (Session info: chrome=84.0.4147.105)
Build info: version: '4.0.0-alpha-3', revision: '8c567de6dc'
System info: host: 'DESKTOP-N6RMJT6', ip: '192.168.0.7', os.name: 'Windows 10', os.arch: 'amd64', os.version: '10.0', java.version: '1.8.0_251'
Driver info: org.openqa.selenium.chrome.ChromeDriver
Capabilities {acceptInsecureCerts: false, browserName: chrome, browserVersion: 84.0.4147.105, chrome: {chromedriverVersion: 83.0.4103.39 (ccbf011cb2d2b..., userDataDir: C:\Users\hp\AppData\Local\T...}, goog:chromeOptions: {debuggerAddress: localhost:64126}, javascriptEnabled: true, networkConnectionEnabled: false, pageLoadStrategy: normal, platform: WINDOWS, platformName: WINDOWS, proxy: Proxy(), setWindowRect: true, strictFileInteractability: false, timeouts: {implicit: 0, pageLoad: 300000, script: 30000}, unhandledPromptBehavior: dismiss and notify, webauthn:virtualAuthenticators: true}
Session ID: 841a3348bd697986a82195451948dcc2
	at com.shopizer.qa.testcases.HomePageTest.setUp(HomePageTest.java:44)
]]></failure>
    <system-out><![CDATA[I am in onTestSuccess method clickOnWomenDropdown succeed
08-02-2020 22:07:01 BaseTest.java INFO  [TestNG-tests-1] testbase.BaseTest 69 - Launching Browser
08-02-2020 22:07:05 BaseTest.java INFO  [TestNG-tests-1] testbase.BaseTest 93 - Maximize  window
08-02-2020 22:07:08 BaseTest.java INFO  [TestNG-tests-1] testbase.BaseTest 98 - ******************************loading url**********************************
Before navigating to: 'https://www.fabindia.com/'
Exception occured: org.openqa.selenium.TimeoutException: timeout: Timed out receiving message from renderer: -0.001
  (Session info: chrome=84.0.4147.105)
Build info: version: '4.0.0-alpha-3', revision: '8c567de6dc'
System info: host: 'DESKTOP-N6RMJT6', ip: '192.168.0.7', os.name: 'Windows 10', os.arch: 'amd64', os.version: '10.0', java.version: '1.8.0_251'
Driver info: org.openqa.selenium.chrome.ChromeDriver
Capabilities {acceptInsecureCerts: false, browserName: chrome, browserVersion: 84.0.4147.105, chrome: {chromedriverVersion: 83.0.4103.39 (ccbf011cb2d2b..., userDataDir: C:\Users\hp\AppData\Local\T...}, goog:chromeOptions: {debuggerAddress: localhost:64126}, javascriptEnabled: true, networkConnectionEnabled: false, pageLoadStrategy: normal, platform: WINDOWS, platformName: WINDOWS, proxy: Proxy(), setWindowRect: true, strictFileInteractability: false, timeouts: {implicit: 0, pageLoad: 300000, script: 30000}, unhandledPromptBehavior: dismiss and notify, webauthn:virtualAuthenticators: true}
Session ID: 841a3348bd697986a82195451948dcc2
]]></system-out>
    <system-err><![CDATA[Starting ChromeDriver 83.0.4103.39 (ccbf011cb2d2b19b506d844400483861342c20cd-refs/branch-heads/4103@{#416}) on port 3252
Only local connections are allowed.
Please see https://chromedriver.chromium.org/security-considerations for suggestions on keeping ChromeDriver safe.
ChromeDriver was started successfully.
[1596386223.629][WARNING]: This version of ChromeDriver has not been tested with Chrome version 84.
Aug 02, 2020 10:07:05 PM org.openqa.selenium.remote.ProtocolHandshake createSession
INFO: Detected dialect: W3C
[1596386248.179][SEVERE]: Timed out receiving message from renderer: 20.000
[1596386248.180][SEVERE]: Timed out receiving message from renderer: -0.001
[1596386248.193][SEVERE]: Timed out receiving message from renderer: -0.001
]]></system-err>
  </testcase>
  <testcase name="verifyHomePageTitle" classname="com.shopizer.qa.testcases.HomePageTest" time="0">
    <skipped message="timeout: Timed out receiving message from renderer: -0.001&#10;  (Session info: chrome=84.0.4147.105)&#10;Build info: version: &apos;4.0.0-alpha-3&apos;, revision: &apos;8c567de6dc&apos;&#10;System info: host: &apos;DESKTOP-N6RMJT6&apos;, ip: &apos;192.168.0.7&apos;, os.name: &apos;Windows 10&apos;, os.arch: &apos;amd64&apos;, os.version: &apos;10.0&apos;, java.version: &apos;1.8.0_251&apos;&#10;Driver info: org.openqa.selenium.chrome.ChromeDriver&#10;Capabilities {acceptInsecureCerts: false, browserName: chrome, browserVersion: 84.0.4147.105, chrome: {chromedriverVersion: 83.0.4103.39 (ccbf011cb2d2b..., userDataDir: C:\Users\hp\AppData\Local\T...}, goog:chromeOptions: {debuggerAddress: localhost:64126}, javascriptEnabled: true, networkConnectionEnabled: false, pageLoadStrategy: normal, platform: WINDOWS, platformName: WINDOWS, proxy: Proxy(), setWindowRect: true, strictFileInteractability: false, timeouts: {implicit: 0, pageLoad: 300000, script: 30000}, unhandledPromptBehavior: dismiss and notify, webauthn:virtualAuthenticators: true}&#10;Session ID: 841a3348bd697986a82195451948dcc2"/>
    <system-out><![CDATA[I am in onTestStart method verifyHomePageTitle start
I am in onTestStart method verifyHomePageTitle start
I am in onTestSkipped method verifyHomePageTitle skipped
]]></system-out>
  </testcase>
  <testcase name="tearDownEnvironment" classname="com.shopizer.qa.testcases.HomePageTest" time="0">
    <skipped/>
    <system-out><![CDATA[I am in onTestSkipped method verifyHomePageTitle skipped
]]></system-out>
  </testcase>
  <testcase name="verifyLoginUser" classname="com.shopizer.qa.testcases.LoginLogoutTest" time="52.495">
    <failure message="Expected condition failed: waiting for visibility of element located by By.xpath: //a[@class=&apos;customer_points_container&apos;]//spa (tried for 30 second(s) with 500 milliseconds interval)" type="org.openqa.selenium.TimeoutException"><![CDATA[org.openqa.selenium.TimeoutException: Expected condition failed: waiting for visibility of element located by By.xpath: //a[@class='customer_points_container']//spa (tried for 30 second(s) with 500 milliseconds interval)
	at com.shopizer.qa.testcases.LoginLogoutTest.verifyLoginUser(LoginLogoutTest.java:54)
Caused by: org.openqa.selenium.NoSuchElementException: 
no such element: Unable to locate element: {"method":"xpath","selector":"//a[@class='customer_points_container']//spa"}
  (Session info: chrome=84.0.4147.105)
For documentation on this error, please visit: https://www.seleniumhq.org/exceptions/no_such_element.html
Build info: version: '4.0.0-alpha-3', revision: '8c567de6dc'
System info: host: 'DESKTOP-N6RMJT6', ip: '192.168.0.7', os.name: 'Windows 10', os.arch: 'amd64', os.version: '10.0', java.version: '1.8.0_251'
Driver info: org.openqa.selenium.chrome.ChromeDriver
Capabilities {acceptInsecureCerts: false, browserName: chrome, browserVersion: 84.0.4147.105, chrome: {chromedriverVersion: 83.0.4103.39 (ccbf011cb2d2b..., userDataDir: C:\Users\hp\AppData\Local\T...}, goog:chromeOptions: {debuggerAddress: localhost:64145}, javascriptEnabled: true, networkConnectionEnabled: false, pageLoadStrategy: normal, platform: WINDOWS, platformName: WINDOWS, proxy: Proxy(), setWindowRect: true, strictFileInteractability: false, timeouts: {implicit: 0, pageLoad: 300000, script: 30000}, unhandledPromptBehavior: dismiss and notify, webauthn:virtualAuthenticators: true}
Session ID: cd1d0a2b318ee8bba951ef7ffddc05d8
*** Element info: {Using=xpath, value=//a[@class='customer_points_container']//spa}
	at com.shopizer.qa.testcases.LoginLogoutTest.verifyLoginUser(LoginLogoutTest.java:54)
]]></failure>
    <system-out><![CDATA[08-02-2020 22:07:29 BaseTest.java INFO  [TestNG-tests-1] testbase.BaseTest 69 - Launching Browser
08-02-2020 22:07:34 BaseTest.java INFO  [TestNG-tests-1] testbase.BaseTest 93 - Maximize  window
08-02-2020 22:07:36 BaseTest.java INFO  [TestNG-tests-1] testbase.BaseTest 98 - ******************************loading url**********************************
Before navigating to: 'https://www.fabindia.com/'
Navigated to:'https://www.fabindia.com/'
08-02-2020 22:07:37 BaseTest.java INFO  [TestNG-tests-1] testbase.BaseTest 101 - 
I am in onTestStart method verifyLoginUser start
I am in onTestStart method verifyLoginUser start
Trying to find Element By : By.xpath: //a[@id='CC-loginHeader-login']
Found Element By : By.xpath: //a[@id='CC-loginHeader-login']
Trying to click on: [[ChromeDriver: chrome on WINDOWS (cd1d0a2b318ee8bba951ef7ffddc05d8)] -> xpath: //a[@id='CC-loginHeader-login']]
Clicked on: [[ChromeDriver: chrome on WINDOWS (cd1d0a2b318ee8bba951ef7ffddc05d8)] -> xpath: //a[@id='CC-loginHeader-login']]
Trying to find Element By : By.xpath: //h3[contains(text(),'Sign In')]
Found Element By : By.xpath: //h3[contains(text(),'Sign In')]
Trying to find Element By : By.xpath: //input[@id='CC-login-input']
Found Element By : By.xpath: //input[@id='CC-login-input']
Trying to find Element By : By.xpath: //input[@id='CC-login-password-input']
Found Element By : By.xpath: //input[@id='CC-login-password-input']
Trying to find Element By : By.xpath: //button[@id='CC-userLoginSubmit']
Found Element By : By.xpath: //button[@id='CC-userLoginSubmit']
Trying to click on: [[ChromeDriver: chrome on WINDOWS (cd1d0a2b318ee8bba951ef7ffddc05d8)] -> xpath: //button[@id='CC-userLoginSubmit']]
Clicked on: [[ChromeDriver: chrome on WINDOWS (cd1d0a2b318ee8bba951ef7ffddc05d8)] -> xpath: //button[@id='CC-userLoginSubmit']]
Trying to find Element By : By.xpath: //a[@class='customer_points_container']//spa
Exception occured: org.openqa.selenium.NoSuchElementException: no such element: Unable to locate element: {"method":"xpath","selector":"//a[@class='customer_points_container']//spa"}
  (Session info: chrome=84.0.4147.105)
For documentation on this error, please visit: https://www.seleniumhq.org/exceptions/no_such_element.html
Build info: version: '4.0.0-alpha-3', revision: '8c567de6dc'
System info: host: 'DESKTOP-N6RMJT6', ip: '192.168.0.7', os.name: 'Windows 10', os.arch: 'amd64', os.version: '10.0', java.version: '1.8.0_251'
Driver info: org.openqa.selenium.chrome.ChromeDriver
Capabilities {acceptInsecureCerts: false, browserName: chrome, browserVersion: 84.0.4147.105, chrome: {chromedriverVersion: 83.0.4103.39 (ccbf011cb2d2b..., userDataDir: C:\Users\hp\AppData\Local\T...}, goog:chromeOptions: {debuggerAddress: localhost:64145}, javascriptEnabled: true, networkConnectionEnabled: false, pageLoadStrategy: normal, platform: WINDOWS, platformName: WINDOWS, proxy: Proxy(), setWindowRect: true, strictFileInteractability: false, timeouts: {implicit: 0, pageLoad: 300000, script: 30000}, unhandledPromptBehavior: dismiss and notify, webauthn:virtualAuthenticators: true}
Session ID: cd1d0a2b318ee8bba951ef7ffddc05d8
*** Element info: {Using=xpath, value=//a[@class='customer_points_container']//spa}
Trying to find Element By : By.xpath: //a[@class='customer_points_container']//spa
Exception occured: org.openqa.selenium.NoSuchElementException: no such element: Unable to locate element: {"method":"xpath","selector":"//a[@class='customer_points_container']//spa"}
  (Session info: chrome=84.0.4147.105)
For documentation on this error, please visit: https://www.seleniumhq.org/exceptions/no_such_element.html
Build info: version: '4.0.0-alpha-3', revision: '8c567de6dc'
System info: host: 'DESKTOP-N6RMJT6', ip: '192.168.0.7', os.name: 'Windows 10', os.arch: 'amd64', os.version: '10.0', java.version: '1.8.0_251'
Driver info: org.openqa.selenium.chrome.ChromeDriver
Capabilities {acceptInsecureCerts: false, browserName: chrome, browserVersion: 84.0.4147.105, chrome: {chromedriverVersion: 83.0.4103.39 (ccbf011cb2d2b..., userDataDir: C:\Users\hp\AppData\Local\T...}, goog:chromeOptions: {debuggerAddress: localhost:64145}, javascriptEnabled: true, networkConnectionEnabled: false, pageLoadStrategy: normal, platform: WINDOWS, platformName: WINDOWS, proxy: Proxy(), setWindowRect: true, strictFileInteractability: false, timeouts: {implicit: 0, pageLoad: 300000, script: 30000}, unhandledPromptBehavior: dismiss and notify, webauthn:virtualAuthenticators: true}
Session ID: cd1d0a2b318ee8bba951ef7ffddc05d8
*** Element info: {Using=xpath, value=//a[@class='customer_points_container']//spa}
Trying to find Element By : By.xpath: //a[@class='customer_points_container']//spa
Exception occured: org.openqa.selenium.NoSuchElementException: no such element: Unable to locate element: {"method":"xpath","selector":"//a[@class='customer_points_container']//spa"}
  (Session info: chrome=84.0.4147.105)
For documentation on this error, please visit: https://www.seleniumhq.org/exceptions/no_such_element.html
Build info: version: '4.0.0-alpha-3', revision: '8c567de6dc'
System info: host: 'DESKTOP-N6RMJT6', ip: '192.168.0.7', os.name: 'Windows 10', os.arch: 'amd64', os.version: '10.0', java.version: '1.8.0_251'
Driver info: org.openqa.selenium.chrome.ChromeDriver
Capabilities {acceptInsecureCerts: false, browserName: chrome, browserVersion: 84.0.4147.105, chrome: {chromedriverVersion: 83.0.4103.39 (ccbf011cb2d2b..., userDataDir: C:\Users\hp\AppData\Local\T...}, goog:chromeOptions: {debuggerAddress: localhost:64145}, javascriptEnabled: true, networkConnectionEnabled: false, pageLoadStrategy: normal, platform: WINDOWS, platformName: WINDOWS, proxy: Proxy(), setWindowRect: true, strictFileInteractability: false, timeouts: {implicit: 0, pageLoad: 300000, script: 30000}, unhandledPromptBehavior: dismiss and notify, webauthn:virtualAuthenticators: true}
Session ID: cd1d0a2b318ee8bba951ef7ffddc05d8
*** Element info: {Using=xpath, value=//a[@class='customer_points_container']//spa}
I am in onTestFailure method verifyLoginUser failed
08-02-2020 22:08:22 BaseTest.java INFO  [TestNG-tests-1] testbase.BaseTest 69 - Launching Browser
08-02-2020 22:08:25 BaseTest.java INFO  [TestNG-tests-1] testbase.BaseTest 93 - Maximize  window
08-02-2020 22:08:28 BaseTest.java INFO  [TestNG-tests-1] testbase.BaseTest 98 - ******************************loading url**********************************
Before navigating to: 'https://www.fabindia.com/'
Navigated to:'https://www.fabindia.com/'
08-02-2020 22:08:29 BaseTest.java INFO  [TestNG-tests-1] testbase.BaseTest 101 - 
Screenshot captured for test case:verifyLoginUser
]]></system-out>
    <system-err><![CDATA[Starting ChromeDriver 83.0.4103.39 (ccbf011cb2d2b19b506d844400483861342c20cd-refs/branch-heads/4103@{#416}) on port 17900
Only local connections are allowed.
Please see https://chromedriver.chromium.org/security-considerations for suggestions on keeping ChromeDriver safe.
ChromeDriver was started successfully.
[1596386252.035][WARNING]: This version of ChromeDriver has not been tested with Chrome version 84.
Aug 02, 2020 10:07:34 PM org.openqa.selenium.remote.ProtocolHandshake createSession
INFO: Detected dialect: W3C
Starting ChromeDriver 83.0.4103.39 (ccbf011cb2d2b19b506d844400483861342c20cd-refs/branch-heads/4103@{#416}) on port 6629
Only local connections are allowed.
Please see https://chromedriver.chromium.org/security-considerations for suggestions on keeping ChromeDriver safe.
ChromeDriver was started successfully.
[1596386303.816][WARNING]: This version of ChromeDriver has not been tested with Chrome version 84.
Aug 02, 2020 10:08:25 PM org.openqa.selenium.remote.ProtocolHandshake createSession
INFO: Detected dialect: W3C
]]></system-err>
  </testcase>
  <testcase name="verifyRegistration[Pramod, Deshmane, 7972191713, rekhadeshmane7@gmail.com, Anaya@143, Anaya@143](1)" classname="com.shopizer.qa.testcases.SignUpTest" time="12.75">
    <system-out><![CDATA[I am in onTestSuccess method verifyWomenDropDown succeed
08-02-2020 22:08:58 BaseTest.java INFO  [TestNG-tests-1] testbase.BaseTest 69 - Launching Browser
08-02-2020 22:09:03 BaseTest.java INFO  [TestNG-tests-1] testbase.BaseTest 93 - Maximize  window
08-02-2020 22:09:06 BaseTest.java INFO  [TestNG-tests-1] testbase.BaseTest 98 - ******************************loading url**********************************
Before navigating to: 'https://www.fabindia.com/'
Navigated to:'https://www.fabindia.com/'
08-02-2020 22:09:07 BaseTest.java INFO  [TestNG-tests-1] testbase.BaseTest 101 - 
I am in onTestStart method verifyRegistration start
I am in onTestStart method verifyRegistration start
Trying to find Element By : By.xpath: //a[contains(text(),'Sign Up')]
Found Element By : By.xpath: //a[contains(text(),'Sign Up')]
Trying to click on: [[ChromeDriver: chrome on WINDOWS (932890ed3c9bf68049a1e326383fd8f8)] -> xpath: //a[contains(text(),'Sign Up')]]
Clicked on: [[ChromeDriver: chrome on WINDOWS (932890ed3c9bf68049a1e326383fd8f8)] -> xpath: //a[contains(text(),'Sign Up')]]
Trying to find Element By : By.xpath: //h3[contains(text(),'Sign Up')]
Found Element By : By.xpath: //h3[contains(text(),'Sign Up')]
Trying to find Element By : By.xpath: //input[@id='CC-userRegistration-firstname']
Found Element By : By.xpath: //input[@id='CC-userRegistration-firstname']
Trying to find Element By : By.xpath: //input[@id='CC-userRegistration-lastname']
Found Element By : By.xpath: //input[@id='CC-userRegistration-lastname']
Trying to find Element By : By.xpath: //input[@id='CC-userRegistration-signupPhoneNum']
Found Element By : By.xpath: //input[@id='CC-userRegistration-signupPhoneNum']
Trying to find Element By : By.xpath: //input[@id='CC-userRegistration-emailAddress']
Found Element By : By.xpath: //input[@id='CC-userRegistration-emailAddress']
Trying to find Element By : By.xpath: //input[@id='CC-userRegistration-password']
Found Element By : By.xpath: //input[@id='CC-userRegistration-password']
Trying to find Element By : By.xpath: //input[@id='CC-userRegistration-confirmPassword']
Found Element By : By.xpath: //input[@id='CC-userRegistration-confirmPassword']
Trying to find Element By : By.xpath: //button[@id='CC-userRegistrationSubmit']
Found Element By : By.xpath: //button[@id='CC-userRegistrationSubmit']
Trying to click on: [[ChromeDriver: chrome on WINDOWS (932890ed3c9bf68049a1e326383fd8f8)] -> xpath: //button[@id='CC-userRegistrationSubmit']]
Clicked on: [[ChromeDriver: chrome on WINDOWS (932890ed3c9bf68049a1e326383fd8f8)] -> xpath: //button[@id='CC-userRegistrationSubmit']]
I am in onTestSuccess method verifyRegistration succeed
]]></system-out>
    <system-err><![CDATA[Starting ChromeDriver 83.0.4103.39 (ccbf011cb2d2b19b506d844400483861342c20cd-refs/branch-heads/4103@{#416}) on port 40599
Only local connections are allowed.
Please see https://chromedriver.chromium.org/security-considerations for suggestions on keeping ChromeDriver safe.
ChromeDriver was started successfully.
[1596386341.625][WARNING]: This version of ChromeDriver has not been tested with Chrome version 84.
Aug 02, 2020 10:09:03 PM org.openqa.selenium.remote.ProtocolHandshake createSession
INFO: Detected dialect: W3C
]]></system-err>
  </testcase>
</testsuite>