<?xml version="1.0" encoding="UTF-8"?>
<testng-results skipped="0" failed="0" ignored="0" total="3" passed="3">
  <reporter-output>
  </reporter-output>
  <suite name="Suite" duration-ms="48160" started-at="2020-07-28T13:24:54 IST" finished-at="2020-07-28T13:25:42 IST">
    <groups>
    </groups>
    <test name="Test" duration-ms="48160" started-at="2020-07-28T13:24:54 IST" finished-at="2020-07-28T13:25:42 IST">
      <class name="com.shopizer.qa.testcases.LoginLogoutTest">
        <test-method status="PASS" signature="setUp()[pri:0, instance:com.shopizer.qa.testcases.LoginLogoutTest@23fe1d71]" name="setUp" is-config="true" duration-ms="7067" started-at="2020-07-28T13:25:04 IST" finished-at="2020-07-28T13:25:12 IST">
          <reporter-output>
          </reporter-output>
        </test-method> <!-- setUp -->
        <test-method status="PASS" signature="verifyLoginUser()[pri:0, instance:com.shopizer.qa.testcases.LoginLogoutTest@23fe1d71]" name="verifyLoginUser" duration-ms="9858" started-at="2020-07-28T13:25:12 IST" finished-at="2020-07-28T13:25:21 IST">
          <reporter-output>
          </reporter-output>
        </test-method> <!-- verifyLoginUser -->
        <test-method status="PASS" signature="tearDownEnvironment()[pri:0, instance:com.shopizer.qa.testcases.LoginLogoutTest@23fe1d71]" name="tearDownEnvironment" is-config="true" duration-ms="4153" started-at="2020-07-28T13:25:21 IST" finished-at="2020-07-28T13:25:26 IST">
          <reporter-output>
          </reporter-output>
        </test-method> <!-- tearDownEnvironment -->
      </class> <!-- com.shopizer.qa.testcases.LoginLogoutTest -->
      <class name="com.shopizer.qa.testcases.HomePageTest">
        <test-method status="PASS" signature="setUp()[pri:0, instance:com.shopizer.qa.testcases.HomePageTest@74a10858]" name="setUp" is-config="true" duration-ms="9494" started-at="2020-07-28T13:24:54 IST" finished-at="2020-07-28T13:25:04 IST">
          <reporter-output>
          </reporter-output>
        </test-method> <!-- setUp -->
        <test-method status="PASS" signature="verifyHomePageTitle()[pri:2, instance:com.shopizer.qa.testcases.HomePageTest@74a10858]" name="verifyHomePageTitle" duration-ms="636" started-at="2020-07-28T13:25:04 IST" finished-at="2020-07-28T13:25:04 IST">
          <reporter-output>
          </reporter-output>
        </test-method> <!-- verifyHomePageTitle -->
        <test-method status="PASS" signature="tearDownEnvironment()[pri:0, instance:com.shopizer.qa.testcases.HomePageTest@74a10858]" name="tearDownEnvironment" is-config="true" duration-ms="133" started-at="2020-07-28T13:25:04 IST" finished-at="2020-07-28T13:25:04 IST">
          <reporter-output>
          </reporter-output>
        </test-method> <!-- tearDownEnvironment -->
      </class> <!-- com.shopizer.qa.testcases.HomePageTest -->
      <class name="com.shopizer.qa.testcases.SignUpTest">
        <test-method status="PASS" signature="setUp()[pri:0, instance:com.shopizer.qa.testcases.SignUpTest@28ac3dc3]" name="setUp" is-config="true" duration-ms="7481" started-at="2020-07-28T13:25:27 IST" finished-at="2020-07-28T13:25:34 IST">
          <reporter-output>
          </reporter-output>
        </test-method> <!-- setUp -->
        <test-method status="PASS" signature="verifyRegistration(java.lang.String, java.lang.String, java.lang.String, java.lang.String, java.lang.String, java.lang.String)[pri:4, instance:com.shopizer.qa.testcases.SignUpTest@28ac3dc3]" name="verifyRegistration" duration-ms="7879" started-at="2020-07-28T13:25:34 IST" data-provider="getCRMTestData" finished-at="2020-07-28T13:25:42 IST">
          <params>
            <param index="0">
              <value>
                <![CDATA[Pramod]]>
              </value>
            </param>
            <param index="1">
              <value>
                <![CDATA[Deshmane]]>
              </value>
            </param>
            <param index="2">
              <value>
                <![CDATA[7972191713]]>
              </value>
            </param>
            <param index="3">
              <value>
                <![CDATA[rekhadeshmane7@gmail.com]]>
              </value>
            </param>
            <param index="4">
              <value>
                <![CDATA[Anaya@143]]>
              </value>
            </param>
            <param index="5">
              <value>
                <![CDATA[Anaya@143]]>
              </value>
            </param>
          </params>
          <reporter-output>
          </reporter-output>
        </test-method> <!-- verifyRegistration -->
        <test-method status="PASS" signature="tearDownEnvironment()[pri:0, instance:com.shopizer.qa.testcases.SignUpTest@28ac3dc3]" name="tearDownEnvironment" is-config="true" duration-ms="242" started-at="2020-07-28T13:25:42 IST" finished-at="2020-07-28T13:25:42 IST">
          <reporter-output>
          </reporter-output>
        </test-method> <!-- tearDownEnvironment -->
      </class> <!-- com.shopizer.qa.testcases.SignUpTest -->
    </test> <!-- Test -->
  </suite> <!-- Suite -->
</testng-results>
