<?xml version="1.0" encoding="UTF-8"?>
<testng-results skipped="0" failed="1" ignored="0" total="5" passed="4">
  <reporter-output>
  </reporter-output>
  <suite name="Suite" duration-ms="88133" started-at="2020-08-02T15:41:37 IST" finished-at="2020-08-02T15:43:05 IST">
    <groups>
    </groups>
    <test name="Test" duration-ms="88133" started-at="2020-08-02T15:41:37 IST" finished-at="2020-08-02T15:43:05 IST">
      <class name="com.shopizer.qa.testcases.WomenTestCase">
        <test-method status="PASS" signature="setUp()[pri:0, instance:com.shopizer.qa.testcases.WomenTestCase@327120c8]" name="setUp" is-config="true" duration-ms="10818" started-at="2020-08-02T15:41:37 IST" finished-at="2020-08-02T15:41:48 IST">
          <reporter-output>
          </reporter-output>
        </test-method> <!-- setUp -->
        <test-method status="PASS" signature="clickOnWomenDropdown()[pri:1, instance:com.shopizer.qa.testcases.WomenTestCase@327120c8]" name="clickOnWomenDropdown" duration-ms="5715" started-at="2020-08-02T15:41:48 IST" description="Clicking onWomen dropdown from Home Page" finished-at="2020-08-02T15:41:54 IST">
          <reporter-output>
          </reporter-output>
        </test-method> <!-- clickOnWomenDropdown -->
        <test-method status="PASS" signature="tearDownEnvironment()[pri:0, instance:com.shopizer.qa.testcases.WomenTestCase@327120c8]" name="tearDownEnvironment" is-config="true" duration-ms="4441" started-at="2020-08-02T15:41:54 IST" finished-at="2020-08-02T15:41:58 IST">
          <reporter-output>
          </reporter-output>
        </test-method> <!-- tearDownEnvironment -->
        <test-method status="PASS" signature="setUp()[pri:0, instance:com.shopizer.qa.testcases.WomenTestCase@327120c8]" name="setUp" is-config="true" duration-ms="7131" started-at="2020-08-02T15:42:32 IST" finished-at="2020-08-02T15:42:39 IST">
          <reporter-output>
          </reporter-output>
        </test-method> <!-- setUp -->
        <test-method status="PASS" signature="verifyWomenDropDown()[pri:2, instance:com.shopizer.qa.testcases.WomenTestCase@327120c8]" name="verifyWomenDropDown" duration-ms="2884" started-at="2020-08-02T15:42:39 IST" description="verifying onWomen dropdown from Home Page" finished-at="2020-08-02T15:42:42 IST">
          <reporter-output>
          </reporter-output>
        </test-method> <!-- verifyWomenDropDown -->
        <test-method status="PASS" signature="tearDownEnvironment()[pri:0, instance:com.shopizer.qa.testcases.WomenTestCase@327120c8]" name="tearDownEnvironment" is-config="true" duration-ms="151" started-at="2020-08-02T15:42:42 IST" finished-at="2020-08-02T15:42:42 IST">
          <reporter-output>
          </reporter-output>
        </test-method> <!-- tearDownEnvironment -->
      </class> <!-- com.shopizer.qa.testcases.WomenTestCase -->
      <class name="com.shopizer.qa.testcases.LoginLogoutTest">
        <test-method status="PASS" signature="setUp()[pri:0, instance:com.shopizer.qa.testcases.LoginLogoutTest@7072bc39]" name="setUp" is-config="true" duration-ms="8981" started-at="2020-08-02T15:42:06 IST" finished-at="2020-08-02T15:42:15 IST">
          <reporter-output>
          </reporter-output>
        </test-method> <!-- setUp -->
        <test-method status="FAIL" signature="verifyLoginUser()[pri:1, instance:com.shopizer.qa.testcases.LoginLogoutTest@7072bc39]" name="verifyLoginUser" duration-ms="11838" started-at="2020-08-02T15:42:15 IST" description="Verifying login " finished-at="2020-08-02T15:42:27 IST">
          <exception class="org.openqa.selenium.NoSuchElementException">
            <message>
              <![CDATA[no such element: Unable to locate element: {"method":"xpath","selector":"//a[@id='CC-loginHeader-login']"}
  (Session info: chrome=84.0.4147.105)
For documentation on this error, please visit: https://www.seleniumhq.org/exceptions/no_such_element.html
Build info: version: '4.0.0-alpha-3', revision: '8c567de6dc'
System info: host: 'DESKTOP-N6RMJT6', ip: '192.168.0.7', os.name: 'Windows 10', os.arch: 'amd64', os.version: '10.0', java.version: '1.8.0_251'
Driver info: org.openqa.selenium.chrome.ChromeDriver
Capabilities {acceptInsecureCerts: false, browserName: chrome, browserVersion: 84.0.4147.105, chrome: {chromedriverVersion: 83.0.4103.39 (ccbf011cb2d2b..., userDataDir: C:\Users\hp\AppData\Local\T...}, goog:chromeOptions: {debuggerAddress: localhost:62848}, javascriptEnabled: true, networkConnectionEnabled: false, pageLoadStrategy: normal, platform: WINDOWS, platformName: WINDOWS, proxy: Proxy(), setWindowRect: true, strictFileInteractability: false, timeouts: {implicit: 0, pageLoad: 300000, script: 30000}, unhandledPromptBehavior: dismiss and notify, webauthn:virtualAuthenticators: true}
Session ID: d981a385b5e5d8042278d5a5a3f84a66
*** Element info: {Using=xpath, value=//a[@id='CC-loginHeader-login']}]]>
            </message>
            <full-stacktrace>
              <![CDATA[org.openqa.selenium.NoSuchElementException: no such element: Unable to locate element: {"method":"xpath","selector":"//a[@id='CC-loginHeader-login']"}
  (Session info: chrome=84.0.4147.105)
For documentation on this error, please visit: https://www.seleniumhq.org/exceptions/no_such_element.html
Build info: version: '4.0.0-alpha-3', revision: '8c567de6dc'
System info: host: 'DESKTOP-N6RMJT6', ip: '192.168.0.7', os.name: 'Windows 10', os.arch: 'amd64', os.version: '10.0', java.version: '1.8.0_251'
Driver info: org.openqa.selenium.chrome.ChromeDriver
Capabilities {acceptInsecureCerts: false, browserName: chrome, browserVersion: 84.0.4147.105, chrome: {chromedriverVersion: 83.0.4103.39 (ccbf011cb2d2b..., userDataDir: C:\Users\hp\AppData\Local\T...}, goog:chromeOptions: {debuggerAddress: localhost:62848}, javascriptEnabled: true, networkConnectionEnabled: false, pageLoadStrategy: normal, platform: WINDOWS, platformName: WINDOWS, proxy: Proxy(), setWindowRect: true, strictFileInteractability: false, timeouts: {implicit: 0, pageLoad: 300000, script: 30000}, unhandledPromptBehavior: dismiss and notify, webauthn:virtualAuthenticators: true}
Session ID: d981a385b5e5d8042278d5a5a3f84a66
*** Element info: {Using=xpath, value=//a[@id='CC-loginHeader-login']}
at sun.reflect.NativeConstructorAccessorImpl.newInstance0(Native Method)
at sun.reflect.NativeConstructorAccessorImpl.newInstance(NativeConstructorAccessorImpl.java:62)
at sun.reflect.DelegatingConstructorAccessorImpl.newInstance(DelegatingConstructorAccessorImpl.java:45)
at java.lang.reflect.Constructor.newInstance(Constructor.java:423)
at org.openqa.selenium.remote.codec.w3c.W3CHttpResponseCodec.createException(W3CHttpResponseCodec.java:191)
at org.openqa.selenium.remote.codec.w3c.W3CHttpResponseCodec.decode(W3CHttpResponseCodec.java:125)
at org.openqa.selenium.remote.codec.w3c.W3CHttpResponseCodec.decode(W3CHttpResponseCodec.java:52)
at org.openqa.selenium.remote.HttpCommandExecutor.execute(HttpCommandExecutor.java:161)
at org.openqa.selenium.remote.service.DriverCommandExecutor.execute(DriverCommandExecutor.java:83)
at org.openqa.selenium.remote.RemoteWebDriver.execute(RemoteWebDriver.java:576)
at org.openqa.selenium.remote.RemoteWebDriver.findElement(RemoteWebDriver.java:327)
at org.openqa.selenium.remote.RemoteWebDriver.findElementByXPath(RemoteWebDriver.java:445)
at org.openqa.selenium.By$ByXPath.findElement(By.java:396)
at org.openqa.selenium.remote.RemoteWebDriver.findElement(RemoteWebDriver.java:319)
at sun.reflect.NativeMethodAccessorImpl.invoke0(Native Method)
at sun.reflect.NativeMethodAccessorImpl.invoke(NativeMethodAccessorImpl.java:62)
at sun.reflect.DelegatingMethodAccessorImpl.invoke(DelegatingMethodAccessorImpl.java:43)
at java.lang.reflect.Method.invoke(Method.java:498)
at org.openqa.selenium.support.events.EventFiringWebDriver.lambda$new$1(EventFiringWebDriver.java:106)
at com.sun.proxy.$Proxy12.findElement(Unknown Source)
at org.openqa.selenium.support.events.EventFiringWebDriver.findElement(EventFiringWebDriver.java:195)
at org.openqa.selenium.support.pagefactory.DefaultElementLocator.findElement(DefaultElementLocator.java:70)
at org.openqa.selenium.support.pagefactory.internal.LocatingElementHandler.invoke(LocatingElementHandler.java:39)
at com.sun.proxy.$Proxy16.click(Unknown Source)
at com.shopizer.qa.pages.HomePage.clickOnSignInLinkFromHomePage(HomePage.java:77)
at com.shopizer.qa.testcases.LoginLogoutTest.verifyLoginUser(LoginLogoutTest.java:48)
at sun.reflect.NativeMethodAccessorImpl.invoke0(Native Method)
at sun.reflect.NativeMethodAccessorImpl.invoke(NativeMethodAccessorImpl.java:62)
at sun.reflect.DelegatingMethodAccessorImpl.invoke(DelegatingMethodAccessorImpl.java:43)
at java.lang.reflect.Method.invoke(Method.java:498)
at org.testng.internal.MethodInvocationHelper.invokeMethod(MethodInvocationHelper.java:135)
at org.testng.internal.TestInvoker.invokeMethod(TestInvoker.java:598)
at org.testng.internal.TestInvoker.invokeTestMethod(TestInvoker.java:174)
at org.testng.internal.MethodRunner.runInSequence(MethodRunner.java:46)
at org.testng.internal.TestInvoker$MethodInvocationAgent.invoke(TestInvoker.java:821)
at org.testng.internal.TestInvoker.invokeTestMethods(TestInvoker.java:147)
at org.testng.internal.TestMethodWorker.invokeTestMethods(TestMethodWorker.java:146)
at org.testng.internal.TestMethodWorker.run(TestMethodWorker.java:128)
at java.util.ArrayList.forEach(ArrayList.java:1257)
at org.testng.TestRunner.privateRun(TestRunner.java:767)
at org.testng.TestRunner.run(TestRunner.java:588)
at org.testng.SuiteRunner.runTest(SuiteRunner.java:384)
at org.testng.SuiteRunner.access$000(SuiteRunner.java:28)
at org.testng.SuiteRunner$SuiteWorker.run(SuiteRunner.java:425)
at org.testng.internal.thread.ThreadUtil.lambda$execute$0(ThreadUtil.java:68)
at java.util.concurrent.FutureTask.run(FutureTask.java:266)
at java.util.concurrent.ThreadPoolExecutor.runWorker(ThreadPoolExecutor.java:1149)
at java.util.concurrent.ThreadPoolExecutor$Worker.run(ThreadPoolExecutor.java:624)
at java.lang.Thread.run(Thread.java:748)
]]>
            </full-stacktrace>
          </exception> <!-- org.openqa.selenium.NoSuchElementException -->
          <reporter-output>
          </reporter-output>
        </test-method> <!-- verifyLoginUser -->
        <test-method status="PASS" signature="tearDownEnvironment()[pri:0, instance:com.shopizer.qa.testcases.LoginLogoutTest@7072bc39]" name="tearDownEnvironment" is-config="true" duration-ms="4504" started-at="2020-08-02T15:42:27 IST" finished-at="2020-08-02T15:42:32 IST">
          <reporter-output>
          </reporter-output>
        </test-method> <!-- tearDownEnvironment -->
      </class> <!-- com.shopizer.qa.testcases.LoginLogoutTest -->
      <class name="com.shopizer.qa.testcases.HomePageTest">
        <test-method status="PASS" signature="setUp()[pri:0, instance:com.shopizer.qa.testcases.HomePageTest@158d255c]" name="setUp" is-config="true" duration-ms="7163" started-at="2020-08-02T15:41:58 IST" finished-at="2020-08-02T15:42:05 IST">
          <reporter-output>
          </reporter-output>
        </test-method> <!-- setUp -->
        <test-method status="PASS" signature="verifyHomePageTitle()[pri:1, instance:com.shopizer.qa.testcases.HomePageTest@158d255c]" name="verifyHomePageTitle" duration-ms="389" started-at="2020-08-02T15:42:05 IST" description="Verifying title from Home page" finished-at="2020-08-02T15:42:06 IST">
          <reporter-output>
          </reporter-output>
        </test-method> <!-- verifyHomePageTitle -->
        <test-method status="PASS" signature="tearDownEnvironment()[pri:0, instance:com.shopizer.qa.testcases.HomePageTest@158d255c]" name="tearDownEnvironment" is-config="true" duration-ms="377" started-at="2020-08-02T15:42:06 IST" finished-at="2020-08-02T15:42:06 IST">
          <reporter-output>
          </reporter-output>
        </test-method> <!-- tearDownEnvironment -->
      </class> <!-- com.shopizer.qa.testcases.HomePageTest -->
      <class name="com.shopizer.qa.testcases.SignUpTest">
        <test-method status="PASS" signature="setUp()[pri:0, instance:com.shopizer.qa.testcases.SignUpTest@2ca65ce4]" name="setUp" is-config="true" duration-ms="7662" started-at="2020-08-02T15:42:44 IST" finished-at="2020-08-02T15:42:52 IST">
          <reporter-output>
          </reporter-output>
        </test-method> <!-- setUp -->
        <test-method status="PASS" signature="verifyRegistration(java.lang.String, java.lang.String, java.lang.String, java.lang.String, java.lang.String, java.lang.String)[pri:4, instance:com.shopizer.qa.testcases.SignUpTest@2ca65ce4]" name="verifyRegistration" duration-ms="8851" started-at="2020-08-02T15:42:52 IST" data-provider="getCRMTestData" finished-at="2020-08-02T15:43:01 IST">
          <params>
            <param index="0">
              <value>
                <![CDATA[Pramod]]>
              </value>
            </param>
            <param index="1">
              <value>
                <![CDATA[Deshmane]]>
              </value>
            </param>
            <param index="2">
              <value>
                <![CDATA[7972191713]]>
              </value>
            </param>
            <param index="3">
              <value>
                <![CDATA[rekhadeshmane7@gmail.com]]>
              </value>
            </param>
            <param index="4">
              <value>
                <![CDATA[Anaya@143]]>
              </value>
            </param>
            <param index="5">
              <value>
                <![CDATA[Anaya@143]]>
              </value>
            </param>
          </params>
          <reporter-output>
          </reporter-output>
        </test-method> <!-- verifyRegistration -->
        <test-method status="PASS" signature="tearDownEnvironment()[pri:0, instance:com.shopizer.qa.testcases.SignUpTest@2ca65ce4]" name="tearDownEnvironment" is-config="true" duration-ms="4193" started-at="2020-08-02T15:43:01 IST" finished-at="2020-08-02T15:43:05 IST">
          <reporter-output>
          </reporter-output>
        </test-method> <!-- tearDownEnvironment -->
      </class> <!-- com.shopizer.qa.testcases.SignUpTest -->
    </test> <!-- Test -->
  </suite> <!-- Suite -->
</testng-results>
