<?xml version="1.0" encoding="UTF-8"?>
<!-- Generated by org.testng.reporters.JUnitXMLReporter -->
<testsuite hostname="DESKTOP-N6RMJT6" ignored="0" name="RetryMultipleFailedTestsCases" tests="3" failures="0" timestamp="2020-07-31T20:51:43 IST" time="62.577" errors="0">
  <testcase name="verifyHomePageTitle" time="0.592" classname="com.shopizer.qa.testcases.HomePageTest"/>
  <testcase name="verifyLoginUser" time="10.92" classname="com.shopizer.qa.testcases.LoginLogoutTest"/>
  <testcase name="verifyRegistration" time="9.05" classname="com.shopizer.qa.testcases.SignUpTest"/>
</testsuite> <!-- RetryMultipleFailedTestsCases -->
